d:\users\mds3000164\tossengine\tossengine\prospero_debug\grapheditor.o
d:\users\mds3000164\tossengine\tossengine\prospero_debug\imcurveedit.o
d:\users\mds3000164\tossengine\tossengine\prospero_debug\imgradient.o
d:\users\mds3000164\tossengine\tossengine\prospero_debug\imguizmo.o
d:\users\mds3000164\tossengine\tossengine\prospero_debug\imsequencer.o
d:\users\mds3000164\tossengine\tossengine\prospero_debug\imgui.o
d:\users\mds3000164\tossengine\tossengine\prospero_debug\imgui_demo.o
d:\users\mds3000164\tossengine\tossengine\prospero_debug\imgui_draw.o
d:\users\mds3000164\tossengine\tossengine\prospero_debug\imgui_impl_glfw.o
d:\users\mds3000164\tossengine\tossengine\prospero_debug\imgui_impl_opengl3.o
d:\users\mds3000164\tossengine\tossengine\prospero_debug\imgui_stdlib.o
d:\users\mds3000164\tossengine\tossengine\prospero_debug\imgui_tables.o
d:\users\mds3000164\tossengine\tossengine\prospero_debug\imgui_widgets.o
d:\users\mds3000164\tossengine\tossengine\prospero_debug\tinyfiledialogs.o
d:\users\mds3000164\tossengine\tossengine\prospero_debug\audioengine.o
d:\users\mds3000164\tossengine\tossengine\prospero_debug\audiosource.o
d:\users\mds3000164\tossengine\tossengine\prospero_debug\button.o
d:\users\mds3000164\tossengine\tossengine\prospero_debug\camera.o
d:\users\mds3000164\tossengine\tossengine\prospero_debug\collider.o
d:\users\mds3000164\tossengine\tossengine\prospero_debug\component.o
d:\users\mds3000164\tossengine\tossengine\prospero_debug\componentregistry.o
d:\users\mds3000164\tossengine\tossengine\prospero_debug\debugdraw.o
d:\users\mds3000164\tossengine\tossengine\prospero_debug\directionallight.o
d:\users\mds3000164\tossengine\tossengine\prospero_debug\filewatcher.o
d:\users\mds3000164\tossengine\tossengine\prospero_debug\font.o
d:\users\mds3000164\tossengine\tossengine\prospero_debug\framebuffer.o
d:\users\mds3000164\tossengine\tossengine\prospero_debug\geometrybuffer.o
d:\users\mds3000164\tossengine\tossengine\prospero_debug\heightmap.o
d:\users\mds3000164\tossengine\tossengine\prospero_debug\image.o
d:\users\mds3000164\tossengine\tossengine\prospero_debug\imguilogger.o
d:\users\mds3000164\tossengine\tossengine\prospero_debug\iselectable.o
d:\users\mds3000164\tossengine\tossengine\prospero_debug\light.o
d:\users\mds3000164\tossengine\tossengine\prospero_debug\main.o
d:\users\mds3000164\tossengine\tossengine\prospero_debug\mat3.o
d:\users\mds3000164\tossengine\tossengine\prospero_debug\mat4.o
d:\users\mds3000164\tossengine\tossengine\prospero_debug\material.o
d:\users\mds3000164\tossengine\tossengine\prospero_debug\meshrenderer.o
d:\users\mds3000164\tossengine\tossengine\prospero_debug\missingcomponent.o
d:\users\mds3000164\tossengine\tossengine\prospero_debug\particlesystem.o
d:\users\mds3000164\tossengine\tossengine\prospero_debug\perlinnoise.o
d:\users\mds3000164\tossengine\tossengine\prospero_debug\physics.o
d:\users\mds3000164\tossengine\tossengine\prospero_debug\physicsmaterial.o
d:\users\mds3000164\tossengine\tossengine\prospero_debug\pointlight.o
d:\users\mds3000164\tossengine\tossengine\prospero_debug\prefab.o
d:\users\mds3000164\tossengine\tossengine\prospero_debug\quaternion.o
d:\users\mds3000164\tossengine\tossengine\prospero_debug\random.o
d:\users\mds3000164\tossengine\tossengine\prospero_debug\rect.o
d:\users\mds3000164\tossengine\tossengine\prospero_debug\renderer.o
d:\users\mds3000164\tossengine\tossengine\prospero_debug\resizable.o
d:\users\mds3000164\tossengine\tossengine\prospero_debug\rigidbody.o
d:\users\mds3000164\tossengine\tossengine\prospero_debug\scene.o
d:\users\mds3000164\tossengine\tossengine\prospero_debug\scriptloader.o
d:\users\mds3000164\tossengine\tossengine\prospero_debug\serializable.o
d:\users\mds3000164\tossengine\tossengine\prospero_debug\shadowmap.o
d:\users\mds3000164\tossengine\tossengine\prospero_debug\ship.o
d:\users\mds3000164\tossengine\tossengine\prospero_debug\singletoncomponent.o
d:\users\mds3000164\tossengine\tossengine\prospero_debug\skybox.o
d:\users\mds3000164\tossengine\tossengine\prospero_debug\sound.o
d:\users\mds3000164\tossengine\tossengine\prospero_debug\spotlight.o
d:\users\mds3000164\tossengine\tossengine\prospero_debug\terriangameobject.o
d:\users\mds3000164\tossengine\tossengine\prospero_debug\text.o
d:\users\mds3000164\tossengine\tossengine\prospero_debug\texture.o
d:\users\mds3000164\tossengine\tossengine\prospero_debug\texturecubemap.o
d:\users\mds3000164\tossengine\tossengine\prospero_debug\gameobject.o
d:\users\mds3000164\tossengine\tossengine\prospero_debug\graphicsengine.o
d:\users\mds3000164\tossengine\tossengine\prospero_debug\inputmanager.o
d:\users\mds3000164\tossengine\tossengine\prospero_debug\lightmanager.o
d:\users\mds3000164\tossengine\tossengine\prospero_debug\mesh.o
d:\users\mds3000164\tossengine\tossengine\prospero_debug\resource.o
d:\users\mds3000164\tossengine\tossengine\prospero_debug\resourcemanager.o
d:\users\mds3000164\tossengine\tossengine\prospero_debug\shader.o
d:\users\mds3000164\tossengine\tossengine\prospero_debug\texture2d.o
d:\users\mds3000164\tossengine\tossengine\prospero_debug\time.o
d:\users\mds3000164\tossengine\tossengine\prospero_debug\tossengine.o
d:\users\mds3000164\tossengine\tossengine\prospero_debug\transform.o
d:\users\mds3000164\tossengine\tossengine\prospero_debug\uielement.o
d:\users\mds3000164\tossengine\tossengine\prospero_debug\vector2.o
d:\users\mds3000164\tossengine\tossengine\prospero_debug\vector3.o
d:\users\mds3000164\tossengine\tossengine\prospero_debug\vector4.o
d:\users\mds3000164\tossengine\tossengine\prospero_debug\vertexarrayobject.o
d:\users\mds3000164\tossengine\tossengine\prospero_debug\window.o
d:\users\mds3000164\tossengine\tossengine\prospero_debug\tossengine.tlog\prospero-clang-cl.command.1.tlog
d:\users\mds3000164\tossengine\tossengine\prospero_debug\tossengine.tlog\prospero-clang-cl.read.1.tlog
d:\users\mds3000164\tossengine\tossengine\prospero_debug\tossengine.tlog\prospero-clang-cl.write.1.tlog
