prospero-lld : error : cannot open Prospero_Debug\GraphEditor.o: no such file or directory
prospero-lld : error : cannot open Prospero_Debug\ImCurveEdit.o: no such file or directory
prospero-lld : error : cannot open Prospero_Debug\ImGradient.o: no such file or directory
prospero-lld : error : cannot open Prospero_Debug\ImGuizmo.o: no such file or directory
prospero-lld : error : cannot open Prospero_Debug\ImSequencer.o: no such file or directory
prospero-lld : error : cannot open Prospero_Debug\imgui.o: no such file or directory
prospero-lld : error : cannot open Prospero_Debug\imgui_demo.o: no such file or directory
prospero-lld : error : cannot open Prospero_Debug\imgui_draw.o: no such file or directory
prospero-lld : error : cannot open Prospero_Debug\imgui_impl_glfw.o: no such file or directory
prospero-lld : error : cannot open Prospero_Debug\imgui_impl_opengl3.o: no such file or directory
prospero-lld : error : cannot open Prospero_Debug\imgui_stdlib.o: no such file or directory
prospero-lld : error : cannot open Prospero_Debug\imgui_tables.o: no such file or directory
prospero-lld : error : cannot open Prospero_Debug\imgui_widgets.o: no such file or directory
prospero-lld : error : cannot open Prospero_Debug\AssetBrowser.o: no such file or directory
prospero-lld : error : cannot open Prospero_Debug\EditorPickProxy.o: no such file or directory
prospero-lld : error : cannot open Prospero_Debug\EditorPlayer.o: no such file or directory
prospero-lld : error : cannot open Prospero_Debug\main.o: no such file or directory
prospero-lld : error : cannot open Prospero_Debug\TossEditor.o: no such file or directory
prospero-lld : error : cannot open D:\Users\MDS3000164\TossEngine\Prospero_Debug\TossEngine_stub_weak.a: no such file or directory
prospero-lld : error : cannot open D:\Users\MDS3000164\TossEngine\Prospero_Debug\C++Scripts_stub_weak.a: no such file or directory
prospero-lld : error : too many errors emitted, stopping now (use --error-limit=0 to see all errors)
