d:\users\mds3000164\theosps4project\ps5_starter\dependancies\common\source\sampleutil\prospero_debug\imgui.o
d:\users\mds3000164\theosps4project\ps5_starter\dependancies\common\source\sampleutil\prospero_debug\imgui_draw.o
d:\users\mds3000164\theosps4project\ps5_starter\dependancies\common\source\sampleutil\prospero_debug\imgui_widgets.o
d:\users\mds3000164\theosps4project\ps5_starter\dependancies\common\source\sampleutil\prospero_debug\imgui_libfont_orbis.o
d:\users\mds3000164\theosps4project\ps5_starter\dependancies\common\source\sampleutil\prospero_debug\imgui_libfont_prospero.o
d:\users\mds3000164\theosps4project\ps5_starter\dependancies\common\source\sampleutil\prospero_debug\agc_utils.o
d:\users\mds3000164\theosps4project\ps5_starter\dependancies\common\source\sampleutil\prospero_debug\ext_bvh.o
d:\users\mds3000164\theosps4project\ps5_starter\dependancies\common\source\sampleutil\prospero_debug\ext_edge_anim.o
d:\users\mds3000164\theosps4project\ps5_starter\dependancies\common\source\sampleutil\prospero_debug\obj_serialization.o
d:\users\mds3000164\theosps4project\ps5_starter\dependancies\common\source\sampleutil\prospero_debug\pack_file.o
d:\users\mds3000164\theosps4project\ps5_starter\dependancies\common\source\sampleutil\prospero_debug\audio.o
d:\users\mds3000164\theosps4project\ps5_starter\dependancies\common\source\sampleutil\prospero_debug\audio_decoder.o
d:\users\mds3000164\theosps4project\ps5_starter\dependancies\common\source\sampleutil\prospero_debug\audio_paraser.o
d:\users\mds3000164\theosps4project\ps5_starter\dependancies\common\source\sampleutil\prospero_debug\audio_player.o
d:\users\mds3000164\theosps4project\ps5_starter\dependancies\common\source\sampleutil\prospero_debug\audio_decoder_orbis.o
d:\users\mds3000164\theosps4project\ps5_starter\dependancies\common\source\sampleutil\prospero_debug\audio_orbis.o
d:\users\mds3000164\theosps4project\ps5_starter\dependancies\common\source\sampleutil\prospero_debug\audio_decoder_prospero.o
d:\users\mds3000164\theosps4project\ps5_starter\dependancies\common\source\sampleutil\prospero_debug\audio_prospero.o
d:\users\mds3000164\theosps4project\ps5_starter\dependancies\common\source\sampleutil\prospero_debug\api_capture.o
d:\users\mds3000164\theosps4project\ps5_starter\dependancies\common\source\sampleutil\prospero_debug\console.o
d:\users\mds3000164\theosps4project\ps5_starter\dependancies\common\source\sampleutil\prospero_debug\debug_menu_item_group.o
d:\users\mds3000164\theosps4project\ps5_starter\dependancies\common\source\sampleutil\prospero_debug\menu.o
d:\users\mds3000164\theosps4project\ps5_starter\dependancies\common\source\sampleutil\prospero_debug\perf.o
d:\users\mds3000164\theosps4project\ps5_starter\dependancies\common\source\sampleutil\prospero_debug\xml.o
d:\users\mds3000164\theosps4project\ps5_starter\dependancies\common\source\sampleutil\prospero_debug\graphics.o
d:\users\mds3000164\theosps4project\ps5_starter\dependancies\common\source\sampleutil\prospero_debug\graphics_memory.o
d:\users\mds3000164\theosps4project\ps5_starter\dependancies\common\source\sampleutil\prospero_debug\material.o
d:\users\mds3000164\theosps4project\ps5_starter\dependancies\common\source\sampleutil\prospero_debug\mesh.o
d:\users\mds3000164\theosps4project\ps5_starter\dependancies\common\source\sampleutil\prospero_debug\pack_model.o
d:\users\mds3000164\theosps4project\ps5_starter\dependancies\common\source\sampleutil\prospero_debug\context_agc.o
d:\users\mds3000164\theosps4project\ps5_starter\dependancies\common\source\sampleutil\prospero_debug\default_pack_model_shaders_ags.o
d:\users\mds3000164\theosps4project\ps5_starter\dependancies\common\source\sampleutil\prospero_debug\graphics_memory_agc.o
d:\users\mds3000164\theosps4project\ps5_starter\dependancies\common\source\sampleutil\prospero_debug\pack_model_agc.o
d:\users\mds3000164\theosps4project\ps5_starter\dependancies\common\source\sampleutil\prospero_debug\reprojection_prospero.o
d:\users\mds3000164\theosps4project\ps5_starter\dependancies\common\source\sampleutil\prospero_debug\shader_ags.o
d:\users\mds3000164\theosps4project\ps5_starter\dependancies\common\source\sampleutil\prospero_debug\sprite_utility_agc.o
d:\users\mds3000164\theosps4project\ps5_starter\dependancies\common\source\sampleutil\prospero_debug\sprite_utility_font_agc.o
d:\users\mds3000164\theosps4project\ps5_starter\dependancies\common\source\sampleutil\prospero_debug\surface_agc.o
d:\users\mds3000164\theosps4project\ps5_starter\dependancies\common\source\sampleutil\prospero_debug\surface_utility_agc.o
d:\users\mds3000164\theosps4project\ps5_starter\dependancies\common\source\sampleutil\prospero_debug\texture_load_agc.o
d:\users\mds3000164\theosps4project\ps5_starter\dependancies\common\source\sampleutil\prospero_debug\context_gnm.o
d:\users\mds3000164\theosps4project\ps5_starter\dependancies\common\source\sampleutil\prospero_debug\default_pack_model_shaders_gnm.o
d:\users\mds3000164\theosps4project\ps5_starter\dependancies\common\source\sampleutil\prospero_debug\graphics_memory_gnm.o
d:\users\mds3000164\theosps4project\ps5_starter\dependancies\common\source\sampleutil\prospero_debug\pack_model_gnm.o
d:\users\mds3000164\theosps4project\ps5_starter\dependancies\common\source\sampleutil\prospero_debug\shader_gnm.o
d:\users\mds3000164\theosps4project\ps5_starter\dependancies\common\source\sampleutil\prospero_debug\sprite_utility_font_gnm.o
d:\users\mds3000164\theosps4project\ps5_starter\dependancies\common\source\sampleutil\prospero_debug\sprite_utility_gnm.o
d:\users\mds3000164\theosps4project\ps5_starter\dependancies\common\source\sampleutil\prospero_debug\surface_gnm.o
d:\users\mds3000164\theosps4project\ps5_starter\dependancies\common\source\sampleutil\prospero_debug\surface_utility_gnm.o
d:\users\mds3000164\theosps4project\ps5_starter\dependancies\common\source\sampleutil\prospero_debug\texture_load_gnm.o
d:\users\mds3000164\theosps4project\ps5_starter\dependancies\common\source\sampleutil\prospero_debug\skeletal_animation.o
d:\users\mds3000164\theosps4project\ps5_starter\dependancies\common\source\sampleutil\prospero_debug\texture_library.o
d:\users\mds3000164\theosps4project\ps5_starter\dependancies\common\source\sampleutil\prospero_debug\texture_load.o
d:\users\mds3000164\theosps4project\ps5_starter\dependancies\common\source\sampleutil\prospero_debug\imgui_helper.o
d:\users\mds3000164\theosps4project\ps5_starter\dependancies\common\source\sampleutil\prospero_debug\job_helper.o
d:\users\mds3000164\theosps4project\ps5_starter\dependancies\common\source\sampleutil\prospero_debug\asset_pack_prospero.o
d:\users\mds3000164\theosps4project\ps5_starter\dependancies\common\source\sampleutil\prospero_debug\async_asset_loader_prospero.o
d:\users\mds3000164\theosps4project\ps5_starter\dependancies\common\source\sampleutil\prospero_debug\keyboard_common.o
d:\users\mds3000164\theosps4project\ps5_starter\dependancies\common\source\sampleutil\prospero_debug\keyboard_orbis.o
d:\users\mds3000164\theosps4project\ps5_starter\dependancies\common\source\sampleutil\prospero_debug\osk_orbis.o
d:\users\mds3000164\theosps4project\ps5_starter\dependancies\common\source\sampleutil\prospero_debug\pad_orbis.o
d:\users\mds3000164\theosps4project\ps5_starter\dependancies\common\source\sampleutil\prospero_debug\pad_common.o
d:\users\mds3000164\theosps4project\ps5_starter\dependancies\common\source\sampleutil\prospero_debug\keyboard_prospero.o
d:\users\mds3000164\theosps4project\ps5_starter\dependancies\common\source\sampleutil\prospero_debug\osk_prospero.o
d:\users\mds3000164\theosps4project\ps5_starter\dependancies\common\source\sampleutil\prospero_debug\pad_prospero.o
d:\users\mds3000164\theosps4project\ps5_starter\dependancies\common\source\sampleutil\prospero_debug\vr_tracker_prospero.o
d:\users\mds3000164\theosps4project\ps5_starter\dependancies\common\source\sampleutil\prospero_debug\heap_allocator.o
d:\users\mds3000164\theosps4project\ps5_starter\dependancies\common\source\sampleutil\prospero_debug\memory.o
d:\users\mds3000164\theosps4project\ps5_starter\dependancies\common\source\sampleutil\prospero_debug\dmem_mapper_prospero.o
d:\users\mds3000164\theosps4project\ps5_starter\dependancies\common\source\sampleutil\prospero_debug\ring_allocator.o
d:\users\mds3000164\theosps4project\ps5_starter\dependancies\common\source\sampleutil\prospero_debug\net_initialize.o
d:\users\mds3000164\theosps4project\ps5_starter\dependancies\common\source\sampleutil\prospero_debug\sampleutil_common.o
d:\users\mds3000164\theosps4project\ps5_starter\dependancies\common\source\sampleutil\prospero_debug\script.o
d:\users\mds3000164\theosps4project\ps5_starter\dependancies\common\source\sampleutil\prospero_debug\skeleton.o
d:\users\mds3000164\theosps4project\ps5_starter\dependancies\common\source\sampleutil\prospero_debug\user_orbis.o
d:\users\mds3000164\theosps4project\ps5_starter\dependancies\common\source\sampleutil\prospero_debug\user_prospero.o
d:\users\mds3000164\theosps4project\ps5_starter\dependancies\common\source\sampleutil\prospero_debug\job.o
d:\users\mds3000164\theosps4project\ps5_starter\dependancies\common\source\sampleutil\prospero_debug\cond_orbis.o
d:\users\mds3000164\theosps4project\ps5_starter\dependancies\common\source\sampleutil\prospero_debug\mutex_orbis.o
d:\users\mds3000164\theosps4project\ps5_starter\dependancies\common\source\sampleutil\prospero_debug\rwlock_orbis.o
d:\users\mds3000164\theosps4project\ps5_starter\dependancies\common\source\sampleutil\prospero_debug\semaphore_orbis.o
d:\users\mds3000164\theosps4project\ps5_starter\dependancies\common\source\sampleutil\prospero_debug\thread_orbis.o
d:\users\mds3000164\theosps4project\ps5_starter\dependancies\common\source\sampleutil\prospero_debug\cond_prospero.o
d:\users\mds3000164\theosps4project\ps5_starter\dependancies\common\source\sampleutil\prospero_debug\mutex_prospero.o
d:\users\mds3000164\theosps4project\ps5_starter\dependancies\common\source\sampleutil\prospero_debug\rwlock_prospero.o
d:\users\mds3000164\theosps4project\ps5_starter\dependancies\common\source\sampleutil\prospero_debug\semaphore_prospero.o
d:\users\mds3000164\theosps4project\ps5_starter\dependancies\common\source\sampleutil\prospero_debug\thread_prospero.o
d:\users\mds3000164\theosps4project\ps5_starter\dependancies\common\source\sampleutil\prospero_debug\thread.o
d:\users\mds3000164\theosps4project\ps5_starter\dependancies\common\source\sampleutil\prospero_debug\imgui_impl_gnm.o
d:\users\mds3000164\theosps4project\ps5_starter\dependancies\common\source\sampleutil\prospero_debug\imgui_impl_agc.o
d:\users\mds3000164\theosps4project\ps5_starter\dependancies\common\source\sampleutil\prospero_debug\ui_framework.o
d:\users\mds3000164\theosps4project\prospero_debug\libscesampleutil.a
d:\users\mds3000164\theosps4project\ps5_starter\dependancies\common\source\sampleutil\prospero_debug\default_pack_model_ps.ags
d:\users\mds3000164\theosps4project\ps5_starter\dependancies\common\source\sampleutil\prospero_debug\default_pack_model_vs.ags
d:\users\mds3000164\theosps4project\ps5_starter\dependancies\common\source\sampleutil\prospero_debug\sprite_utility_2d_vv.ags
d:\users\mds3000164\theosps4project\ps5_starter\dependancies\common\source\sampleutil\prospero_debug\sprite_utility_3d_fill_p.ags
d:\users\mds3000164\theosps4project\ps5_starter\dependancies\common\source\sampleutil\prospero_debug\sprite_utility_3d_vv.ags
d:\users\mds3000164\theosps4project\ps5_starter\dependancies\common\source\sampleutil\prospero_debug\sprite_utility_fill_p.ags
d:\users\mds3000164\theosps4project\ps5_starter\dependancies\common\source\sampleutil\prospero_debug\sprite_utility_texture_p.ags
d:\users\mds3000164\theosps4project\ps5_starter\dependancies\common\source\sampleutil\prospero_debug\sprite_utility_texture_ycbcr_p.ags
d:\users\mds3000164\theosps4project\ps5_starter\dependancies\common\source\sampleutil\prospero_debug\sprite_utility_texture_yuy2_p.ags
d:\users\mds3000164\theosps4project\ps5_starter\dependancies\common\source\sampleutil\prospero_debug\sampleutil_imgui_p.ags
d:\users\mds3000164\theosps4project\ps5_starter\dependancies\common\source\sampleutil\prospero_debug\sampleutil_imgui_vv.ags
\\?\d:\users\mds3000164\theosps4project\ps5_starter\dependancies\common\source\sampleutil\prospero_debug\default_pack_model_ps.ags.o
\\?\d:\users\mds3000164\theosps4project\ps5_starter\dependancies\common\source\sampleutil\prospero_debug\default_pack_model_vs.ags.o
\\?\d:\users\mds3000164\theosps4project\ps5_starter\dependancies\common\source\sampleutil\prospero_debug\sprite_utility_2d_vv.ags.o
\\?\d:\users\mds3000164\theosps4project\ps5_starter\dependancies\common\source\sampleutil\prospero_debug\sprite_utility_3d_fill_p.ags.o
\\?\d:\users\mds3000164\theosps4project\ps5_starter\dependancies\common\source\sampleutil\prospero_debug\sprite_utility_3d_vv.ags.o
\\?\d:\users\mds3000164\theosps4project\ps5_starter\dependancies\common\source\sampleutil\prospero_debug\sprite_utility_fill_p.ags.o
\\?\d:\users\mds3000164\theosps4project\ps5_starter\dependancies\common\source\sampleutil\prospero_debug\sprite_utility_texture_p.ags.o
\\?\d:\users\mds3000164\theosps4project\ps5_starter\dependancies\common\source\sampleutil\prospero_debug\sprite_utility_texture_ycbcr_p.ags.o
\\?\d:\users\mds3000164\theosps4project\ps5_starter\dependancies\common\source\sampleutil\prospero_debug\sprite_utility_texture_yuy2_p.ags.o
\\?\d:\users\mds3000164\theosps4project\ps5_starter\dependancies\common\source\sampleutil\prospero_debug\sampleutil_imgui_p.ags.o
\\?\d:\users\mds3000164\theosps4project\ps5_starter\dependancies\common\source\sampleutil\prospero_debug\sampleutil_imgui_vv.ags.o
d:\users\mds3000164\theosps4project\ps5_starter\dependancies\common\source\sampleutil\prospero_debug\default_pack_model_ps.ags.o
d:\users\mds3000164\theosps4project\ps5_starter\dependancies\common\source\sampleutil\prospero_debug\default_pack_model_vs.ags.o
d:\users\mds3000164\theosps4project\ps5_starter\dependancies\common\source\sampleutil\prospero_debug\sampleutil_imgui_p.ags.o
d:\users\mds3000164\theosps4project\ps5_starter\dependancies\common\source\sampleutil\prospero_debug\sampleutil_imgui_vv.ags.o
d:\users\mds3000164\theosps4project\ps5_starter\dependancies\common\source\sampleutil\prospero_debug\sprite_utility_2d_vv.ags.o
d:\users\mds3000164\theosps4project\ps5_starter\dependancies\common\source\sampleutil\prospero_debug\sprite_utility_3d_fill_p.ags.o
d:\users\mds3000164\theosps4project\ps5_starter\dependancies\common\source\sampleutil\prospero_debug\sprite_utility_3d_vv.ags.o
d:\users\mds3000164\theosps4project\ps5_starter\dependancies\common\source\sampleutil\prospero_debug\sprite_utility_fill_p.ags.o
d:\users\mds3000164\theosps4project\ps5_starter\dependancies\common\source\sampleutil\prospero_debug\sprite_utility_texture_p.ags.o
d:\users\mds3000164\theosps4project\ps5_starter\dependancies\common\source\sampleutil\prospero_debug\sprite_utility_texture_ycbcr_p.ags.o
d:\users\mds3000164\theosps4project\ps5_starter\dependancies\common\source\sampleutil\prospero_debug\sprite_utility_texture_yuy2_p.ags.o
d:\users\mds3000164\theosps4project\ps5_starter\dependancies\common\source\sampleutil\prospero_debug\libscesampleutil.tlog\prospero-clang-cl.command.1.tlog
d:\users\mds3000164\theosps4project\ps5_starter\dependancies\common\source\sampleutil\prospero_debug\libscesampleutil.tlog\prospero-clang-cl.read.1.tlog
d:\users\mds3000164\theosps4project\ps5_starter\dependancies\common\source\sampleutil\prospero_debug\libscesampleutil.tlog\prospero-clang-cl.write.1.tlog
d:\users\mds3000164\theosps4project\ps5_starter\dependancies\common\source\sampleutil\prospero_debug\libscesampleutil.tlog\prospero-llvm-ar.command.1.tlog
d:\users\mds3000164\theosps4project\ps5_starter\dependancies\common\source\sampleutil\prospero_debug\libscesampleutil.tlog\prospero-llvm-ar.read.1.tlog
d:\users\mds3000164\theosps4project\ps5_starter\dependancies\common\source\sampleutil\prospero_debug\libscesampleutil.tlog\prospero-llvm-ar.write.1.tlog
d:\users\mds3000164\theosps4project\ps5_starter\dependancies\common\source\sampleutil\prospero_debug\libscesampleutil.tlog\prospero-wave-psslc.command.1.tlog
d:\users\mds3000164\theosps4project\ps5_starter\dependancies\common\source\sampleutil\prospero_debug\libscesampleutil.tlog\prospero-wave-psslc.read.1.tlog
d:\users\mds3000164\theosps4project\ps5_starter\dependancies\common\source\sampleutil\prospero_debug\libscesampleutil.tlog\prospero-wave-psslc.write.1.tlog
