d:\users\mds3000164\theosps4project\ps5_starter\dependancies\common\source\physics-effects-v4\project\prospero_debug\pfx_global_context.o
d:\users\mds3000164\theosps4project\ps5_starter\dependancies\common\source\physics-effects-v4\project\prospero_debug\pfx_large_position.o
d:\users\mds3000164\theosps4project\ps5_starter\dependancies\common\source\physics-effects-v4\project\prospero_debug\pfx_closest_large_tri_mesh.o
d:\users\mds3000164\theosps4project\ps5_starter\dependancies\common\source\physics-effects-v4\project\prospero_debug\pfx_closest_tri_mesh_sphere.o
d:\users\mds3000164\theosps4project\ps5_starter\dependancies\common\source\physics-effects-v4\project\prospero_debug\pfx_collidable.o
d:\users\mds3000164\theosps4project\ps5_starter\dependancies\common\source\physics-effects-v4\project\prospero_debug\pfx_contact_box_box.o
d:\users\mds3000164\theosps4project\ps5_starter\dependancies\common\source\physics-effects-v4\project\prospero_debug\pfx_contact_box_capsule.o
d:\users\mds3000164\theosps4project\ps5_starter\dependancies\common\source\physics-effects-v4\project\prospero_debug\pfx_contact_box_sphere.o
d:\users\mds3000164\theosps4project\ps5_starter\dependancies\common\source\physics-effects-v4\project\prospero_debug\pfx_contact_cache.o
d:\users\mds3000164\theosps4project\ps5_starter\dependancies\common\source\physics-effects-v4\project\prospero_debug\pfx_contact_capsule_capsule.o
d:\users\mds3000164\theosps4project\ps5_starter\dependancies\common\source\physics-effects-v4\project\prospero_debug\pfx_contact_capsule_sphere.o
d:\users\mds3000164\theosps4project\ps5_starter\dependancies\common\source\physics-effects-v4\project\prospero_debug\pfx_contact_large_tri_mesh.o
d:\users\mds3000164\theosps4project\ps5_starter\dependancies\common\source\physics-effects-v4\project\prospero_debug\pfx_contact_manifold.o
d:\users\mds3000164\theosps4project\ps5_starter\dependancies\common\source\physics-effects-v4\project\prospero_debug\pfx_contact_sphere_sphere.o
d:\users\mds3000164\theosps4project\ps5_starter\dependancies\common\source\physics-effects-v4\project\prospero_debug\pfx_contact_tri_mesh_box.o
d:\users\mds3000164\theosps4project\ps5_starter\dependancies\common\source\physics-effects-v4\project\prospero_debug\pfx_contact_tri_mesh_capsule.o
d:\users\mds3000164\theosps4project\ps5_starter\dependancies\common\source\physics-effects-v4\project\prospero_debug\pfx_contact_tri_mesh_convex.o
d:\users\mds3000164\theosps4project\ps5_starter\dependancies\common\source\physics-effects-v4\project\prospero_debug\pfx_contact_tri_mesh_cylinder.o
d:\users\mds3000164\theosps4project\ps5_starter\dependancies\common\source\physics-effects-v4\project\prospero_debug\pfx_contact_tri_mesh_sphere.o
d:\users\mds3000164\theosps4project\ps5_starter\dependancies\common\source\physics-effects-v4\project\prospero_debug\pfx_convex_mesh.o
d:\users\mds3000164\theosps4project\ps5_starter\dependancies\common\source\physics-effects-v4\project\prospero_debug\pfx_core_sphere.o
d:\users\mds3000164\theosps4project\ps5_starter\dependancies\common\source\physics-effects-v4\project\prospero_debug\pfx_detect_collision_func.o
d:\users\mds3000164\theosps4project\ps5_starter\dependancies\common\source\physics-effects-v4\project\prospero_debug\pfx_gjk_solver.o
d:\users\mds3000164\theosps4project\ps5_starter\dependancies\common\source\physics-effects-v4\project\prospero_debug\pfx_intersect_common.o
d:\users\mds3000164\theosps4project\ps5_starter\dependancies\common\source\physics-effects-v4\project\prospero_debug\pfx_intersect_moving_capsule_all_facets.o
d:\users\mds3000164\theosps4project\ps5_starter\dependancies\common\source\physics-effects-v4\project\prospero_debug\pfx_intersect_moving_capsule_func.o
d:\users\mds3000164\theosps4project\ps5_starter\dependancies\common\source\physics-effects-v4\project\prospero_debug\pfx_intersect_moving_capsule_large_tri_mesh.o
d:\users\mds3000164\theosps4project\ps5_starter\dependancies\common\source\physics-effects-v4\project\prospero_debug\pfx_intersect_moving_circle_all_facets.o
d:\users\mds3000164\theosps4project\ps5_starter\dependancies\common\source\physics-effects-v4\project\prospero_debug\pfx_intersect_moving_circle_func.o
d:\users\mds3000164\theosps4project\ps5_starter\dependancies\common\source\physics-effects-v4\project\prospero_debug\pfx_intersect_moving_circle_large_tri_mesh.o
d:\users\mds3000164\theosps4project\ps5_starter\dependancies\common\source\physics-effects-v4\project\prospero_debug\pfx_intersect_moving_sphere_all_facets.o
d:\users\mds3000164\theosps4project\ps5_starter\dependancies\common\source\physics-effects-v4\project\prospero_debug\pfx_intersect_moving_sphere_box.o
d:\users\mds3000164\theosps4project\ps5_starter\dependancies\common\source\physics-effects-v4\project\prospero_debug\pfx_intersect_moving_sphere_capsule.o
d:\users\mds3000164\theosps4project\ps5_starter\dependancies\common\source\physics-effects-v4\project\prospero_debug\pfx_intersect_moving_sphere_convex.o
d:\users\mds3000164\theosps4project\ps5_starter\dependancies\common\source\physics-effects-v4\project\prospero_debug\pfx_intersect_moving_sphere_cylinder.o
d:\users\mds3000164\theosps4project\ps5_starter\dependancies\common\source\physics-effects-v4\project\prospero_debug\pfx_intersect_moving_sphere_func.o
d:\users\mds3000164\theosps4project\ps5_starter\dependancies\common\source\physics-effects-v4\project\prospero_debug\pfx_intersect_moving_sphere_large_tri_mesh.o
d:\users\mds3000164\theosps4project\ps5_starter\dependancies\common\source\physics-effects-v4\project\prospero_debug\pfx_intersect_moving_sphere_sphere.o
d:\users\mds3000164\theosps4project\ps5_starter\dependancies\common\source\physics-effects-v4\project\prospero_debug\pfx_intersect_ray_all_facets.o
d:\users\mds3000164\theosps4project\ps5_starter\dependancies\common\source\physics-effects-v4\project\prospero_debug\pfx_intersect_ray_box.o
d:\users\mds3000164\theosps4project\ps5_starter\dependancies\common\source\physics-effects-v4\project\prospero_debug\pfx_intersect_ray_capsule.o
d:\users\mds3000164\theosps4project\ps5_starter\dependancies\common\source\physics-effects-v4\project\prospero_debug\pfx_intersect_ray_convex.o
d:\users\mds3000164\theosps4project\ps5_starter\dependancies\common\source\physics-effects-v4\project\prospero_debug\pfx_intersect_ray_cylinder.o
d:\users\mds3000164\theosps4project\ps5_starter\dependancies\common\source\physics-effects-v4\project\prospero_debug\pfx_intersect_ray_func.o
d:\users\mds3000164\theosps4project\ps5_starter\dependancies\common\source\physics-effects-v4\project\prospero_debug\pfx_intersect_ray_large_tri_mesh.o
d:\users\mds3000164\theosps4project\ps5_starter\dependancies\common\source\physics-effects-v4\project\prospero_debug\pfx_intersect_ray_sphere.o
d:\users\mds3000164\theosps4project\ps5_starter\dependancies\common\source\physics-effects-v4\project\prospero_debug\pfx_large_tri_mesh.o
d:\users\mds3000164\theosps4project\ps5_starter\dependancies\common\source\physics-effects-v4\project\prospero_debug\pfx_shape.o
d:\users\mds3000164\theosps4project\ps5_starter\dependancies\common\source\physics-effects-v4\project\prospero_debug\pfx_simplex_solver.o
d:\users\mds3000164\theosps4project\ps5_starter\dependancies\common\source\physics-effects-v4\project\prospero_debug\pfx_particle_physics.o
d:\users\mds3000164\theosps4project\ps5_starter\dependancies\common\source\physics-effects-v4\project\prospero_debug\pfx_rigid_body.o
d:\users\mds3000164\theosps4project\ps5_starter\dependancies\common\source\physics-effects-v4\project\prospero_debug\pfx_rigid_state.o
d:\users\mds3000164\theosps4project\ps5_starter\dependancies\common\source\physics-effects-v4\project\prospero_debug\pfx_contact_constraint.o
d:\users\mds3000164\theosps4project\ps5_starter\dependancies\common\source\physics-effects-v4\project\prospero_debug\pfx_integrate.o
d:\users\mds3000164\theosps4project\ps5_starter\dependancies\common\source\physics-effects-v4\project\prospero_debug\pfx_joint.o
d:\users\mds3000164\theosps4project\ps5_starter\dependancies\common\source\physics-effects-v4\project\prospero_debug\pfx_joint_ball.o
d:\users\mds3000164\theosps4project\ps5_starter\dependancies\common\source\physics-effects-v4\project\prospero_debug\pfx_joint_constraint_func.o
d:\users\mds3000164\theosps4project\ps5_starter\dependancies\common\source\physics-effects-v4\project\prospero_debug\pfx_joint_distance.o
d:\users\mds3000164\theosps4project\ps5_starter\dependancies\common\source\physics-effects-v4\project\prospero_debug\pfx_joint_fix.o
d:\users\mds3000164\theosps4project\ps5_starter\dependancies\common\source\physics-effects-v4\project\prospero_debug\pfx_joint_hinge.o
d:\users\mds3000164\theosps4project\ps5_starter\dependancies\common\source\physics-effects-v4\project\prospero_debug\pfx_joint_motor.o
d:\users\mds3000164\theosps4project\ps5_starter\dependancies\common\source\physics-effects-v4\project\prospero_debug\pfx_joint_shoulder.o
d:\users\mds3000164\theosps4project\ps5_starter\dependancies\common\source\physics-effects-v4\project\prospero_debug\pfx_joint_slider.o
d:\users\mds3000164\theosps4project\ps5_starter\dependancies\common\source\physics-effects-v4\project\prospero_debug\pfx_joint_swing_twist.o
d:\users\mds3000164\theosps4project\ps5_starter\dependancies\common\source\physics-effects-v4\project\prospero_debug\pfx_joint_universal.o
d:\users\mds3000164\theosps4project\ps5_starter\dependancies\common\source\physics-effects-v4\project\prospero_debug\pfx_sort.o
d:\users\mds3000164\theosps4project\ps5_starter\dependancies\common\source\physics-effects-v4\project\prospero_debug\pfx_broadphase.o
d:\users\mds3000164\theosps4project\ps5_starter\dependancies\common\source\physics-effects-v4\project\prospero_debug\pfx_broadphase_proxy_container.o
d:\users\mds3000164\theosps4project\ps5_starter\dependancies\common\source\physics-effects-v4\project\prospero_debug\pfx_broadphase_stage.o
d:\users\mds3000164\theosps4project\ps5_starter\dependancies\common\source\physics-effects-v4\project\prospero_debug\pfx_pair_container.o
d:\users\mds3000164\theosps4project\ps5_starter\dependancies\common\source\physics-effects-v4\project\prospero_debug\pfx_progressive_bvh.o
d:\users\mds3000164\theosps4project\ps5_starter\dependancies\common\source\physics-effects-v4\project\prospero_debug\pfx_detect_collision_stage.o
d:\users\mds3000164\theosps4project\ps5_starter\dependancies\common\source\physics-effects-v4\project\prospero_debug\pfx_rigid_body_cache_manager.o
d:\users\mds3000164\theosps4project\ps5_starter\dependancies\common\source\physics-effects-v4\project\prospero_debug\pfx_capsule_cast.o
d:\users\mds3000164\theosps4project\ps5_starter\dependancies\common\source\physics-effects-v4\project\prospero_debug\pfx_circle_cast.o
d:\users\mds3000164\theosps4project\ps5_starter\dependancies\common\source\physics-effects-v4\project\prospero_debug\pfx_collision_detection.o
d:\users\mds3000164\theosps4project\ps5_starter\dependancies\common\source\physics-effects-v4\project\prospero_debug\pfx_contact_container.o
d:\users\mds3000164\theosps4project\ps5_starter\dependancies\common\source\physics-effects-v4\project\prospero_debug\pfx_contact_manager.o
d:\users\mds3000164\theosps4project\ps5_starter\dependancies\common\source\physics-effects-v4\project\prospero_debug\pfx_rigid_body_cache_container.o
d:\users\mds3000164\theosps4project\ps5_starter\dependancies\common\source\physics-effects-v4\project\prospero_debug\pfx_ray_cast.o
d:\users\mds3000164\theosps4project\ps5_starter\dependancies\common\source\physics-effects-v4\project\prospero_debug\pfx_sphere_cast.o
d:\users\mds3000164\theosps4project\ps5_starter\dependancies\common\source\physics-effects-v4\project\prospero_debug\pfx_compound_container.o
d:\users\mds3000164\theosps4project\ps5_starter\dependancies\common\source\physics-effects-v4\project\prospero_debug\pfx_context.o
d:\users\mds3000164\theosps4project\ps5_starter\dependancies\common\source\physics-effects-v4\project\prospero_debug\pfx_rigid_body_context.o
d:\users\mds3000164\theosps4project\ps5_starter\dependancies\common\source\physics-effects-v4\project\prospero_debug\pfx_user_custom_function.o
d:\users\mds3000164\theosps4project\ps5_starter\dependancies\common\source\physics-effects-v4\project\prospero_debug\pfx_user_custom_stage.o
d:\users\mds3000164\theosps4project\ps5_starter\dependancies\common\source\physics-effects-v4\project\prospero_debug\pfx_constraint_solver.o
d:\users\mds3000164\theosps4project\ps5_starter\dependancies\common\source\physics-effects-v4\project\prospero_debug\pfx_gather_solver_pairs_stage.o
d:\users\mds3000164\theosps4project\ps5_starter\dependancies\common\source\physics-effects-v4\project\prospero_debug\pfx_island_creation_stage.o
d:\users\mds3000164\theosps4project\ps5_starter\dependancies\common\source\physics-effects-v4\project\prospero_debug\pfx_pair_graph.o
d:\users\mds3000164\theosps4project\ps5_starter\dependancies\common\source\physics-effects-v4\project\prospero_debug\pfx_solve_constraints_stage.o
d:\users\mds3000164\theosps4project\ps5_starter\dependancies\common\source\physics-effects-v4\project\prospero_debug\pfx_job_system.o
d:\users\mds3000164\theosps4project\ps5_starter\dependancies\common\source\physics-effects-v4\project\prospero_debug\pfx_binary_reader_writer.o
d:\users\mds3000164\theosps4project\ps5_starter\dependancies\common\source\physics-effects-v4\project\prospero_debug\pfx_debug_render.o
d:\users\mds3000164\theosps4project\ps5_starter\dependancies\common\source\physics-effects-v4\project\prospero_debug\pfx_debug_render_impl.o
d:\users\mds3000164\theosps4project\ps5_starter\dependancies\common\source\physics-effects-v4\project\prospero_debug\pfx_mass.o
d:\users\mds3000164\theosps4project\ps5_starter\dependancies\common\source\physics-effects-v4\project\prospero_debug\pfx_mesh_creator.o
d:\users\mds3000164\theosps4project\ps5_starter\dependancies\common\source\physics-effects-v4\project\prospero_debug\pfx_mesh_internal.o
d:\users\mds3000164\theosps4project\ps5_starter\dependancies\common\source\physics-effects-v4\project\prospero_debug\pfx_mesh_serializer.o
d:\users\mds3000164\theosps4project\ps5_starter\dependancies\common\source\physics-effects-v4\project\prospero_debug\pfx_util_common.o
d:\users\mds3000164\theosps4project\ps5_starter\dependancies\common\source\physics-effects-v4\project\prospero_debug\pfx_world_binary_serializer.o
d:\users\mds3000164\theosps4project\ps5_starter\dependancies\common\source\physics-effects-v4\project\prospero_debug\pfx_world_serializer.o
d:\users\mds3000164\theosps4project\ps5_starter\dependancies\common\source\physics-effects-v4\lib\prospero_debug\libscephysicseffects.a
d:\users\mds3000164\theosps4project\ps5_starter\dependancies\common\source\physics-effects-v4\project\prospero_debug\physics_.392efe5e.tlog\prospero-clang-cl.command.1.tlog
d:\users\mds3000164\theosps4project\ps5_starter\dependancies\common\source\physics-effects-v4\project\prospero_debug\physics_.392efe5e.tlog\prospero-clang-cl.read.1.tlog
d:\users\mds3000164\theosps4project\ps5_starter\dependancies\common\source\physics-effects-v4\project\prospero_debug\physics_.392efe5e.tlog\prospero-clang-cl.write.1.tlog
d:\users\mds3000164\theosps4project\ps5_starter\dependancies\common\source\physics-effects-v4\project\prospero_debug\physics_.392efe5e.tlog\prospero-llvm-ar.command.1.tlog
d:\users\mds3000164\theosps4project\ps5_starter\dependancies\common\source\physics-effects-v4\project\prospero_debug\physics_.392efe5e.tlog\prospero-llvm-ar.read.1.tlog
d:\users\mds3000164\theosps4project\ps5_starter\dependancies\common\source\physics-effects-v4\project\prospero_debug\physics_.392efe5e.tlog\prospero-llvm-ar.write.1.tlog
