  pfx_global_context.cpp
  pfx_contact_box_capsule.cpp
  pfx_contact_box_sphere.cpp
  pfx_collidable.cpp
  pfx_closest_tri_mesh_sphere.cpp
  pfx_closest_large_tri_mesh.cpp
  pfx_large_position.cpp
  pfx_contact_box_box.cpp
  pfx_contact_cache.cpp
  pfx_contact_capsule_capsule.cpp
  pfx_contact_capsule_sphere.cpp
  pfx_contact_large_tri_mesh.cpp
  pfx_contact_manifold.cpp
  pfx_contact_sphere_sphere.cpp
  pfx_contact_tri_mesh_box.cpp
  pfx_contact_tri_mesh_capsule.cpp
  pfx_contact_tri_mesh_convex.cpp
  pfx_contact_tri_mesh_cylinder.cpp
  pfx_contact_tri_mesh_sphere.cpp
  pfx_convex_mesh.cpp
  pfx_core_sphere.cpp
  pfx_detect_collision_func.cpp
  pfx_gjk_solver.cpp
  pfx_intersect_common.cpp
  pfx_intersect_moving_capsule_all_facets.cpp
  pfx_intersect_moving_capsule_func.cpp
  pfx_intersect_moving_capsule_large_tri_mesh.cpp
  pfx_intersect_moving_circle_all_facets.cpp
  pfx_intersect_moving_circle_func.cpp
  pfx_intersect_moving_circle_large_tri_mesh.cpp
  pfx_intersect_moving_sphere_all_facets.cpp
  pfx_intersect_moving_sphere_box.cpp
  pfx_intersect_moving_sphere_capsule.cpp
  pfx_intersect_moving_sphere_convex.cpp
  pfx_intersect_moving_sphere_cylinder.cpp
  pfx_intersect_moving_sphere_func.cpp
  pfx_intersect_moving_sphere_large_tri_mesh.cpp
  pfx_intersect_moving_sphere_sphere.cpp
  pfx_intersect_ray_all_facets.cpp
  pfx_intersect_ray_box.cpp
  pfx_intersect_ray_capsule.cpp
  pfx_intersect_ray_convex.cpp
  pfx_intersect_ray_cylinder.cpp
  pfx_intersect_ray_func.cpp
  pfx_intersect_ray_large_tri_mesh.cpp
  pfx_intersect_ray_sphere.cpp
  pfx_large_tri_mesh.cpp
  pfx_shape.cpp
  pfx_simplex_solver.cpp
  pfx_particle_physics.cpp
  pfx_rigid_body.cpp
  pfx_rigid_state.cpp
  pfx_contact_constraint.cpp
  pfx_integrate.cpp
  pfx_joint.cpp
  pfx_joint_ball.cpp
  pfx_joint_constraint_func.cpp
  pfx_joint_distance.cpp
  pfx_joint_fix.cpp
  pfx_joint_hinge.cpp
  pfx_joint_motor.cpp
  pfx_joint_shoulder.cpp
  pfx_joint_slider.cpp
  pfx_joint_swing_twist.cpp
  pfx_joint_universal.cpp
  pfx_sort.cpp
  pfx_broadphase.cpp
  pfx_broadphase_proxy_container.cpp
  pfx_broadphase_stage.cpp
  pfx_pair_container.cpp
  pfx_progressive_bvh.cpp
  pfx_detect_collision_stage.cpp
  pfx_rigid_body_cache_manager.cpp
  pfx_capsule_cast.cpp
  pfx_circle_cast.cpp
  pfx_collision_detection.cpp
  pfx_contact_container.cpp
  pfx_contact_manager.cpp
  pfx_rigid_body_cache_container.cpp
  pfx_ray_cast.cpp
  pfx_sphere_cast.cpp
  pfx_compound_container.cpp
  pfx_context.cpp
  pfx_rigid_body_context.cpp
  pfx_user_custom_function.cpp
  pfx_user_custom_stage.cpp
  pfx_constraint_solver.cpp
  pfx_gather_solver_pairs_stage.cpp
  pfx_island_creation_stage.cpp
  pfx_pair_graph.cpp
  pfx_solve_constraints_stage.cpp
  pfx_job_system.cpp
  pfx_binary_reader_writer.cpp
  pfx_debug_render.cpp
  pfx_debug_render_impl.cpp
  pfx_mass.cpp
  pfx_mesh_creator.cpp
  pfx_mesh_internal.cpp
  pfx_mesh_serializer.cpp
  pfx_util_common.cpp
  pfx_world_binary_serializer.cpp
  pfx_world_serializer.cpp
  physics_effects_lib.prospero.vcxproj -> D:\Users\MDS3000164\TheosPS4Project\PS5_Starter\Dependancies\common\source\physics-effects-v4\lib\Prospero_Debug\libScePhysicsEffects.a
